\BOOKMARK [0][-]{section*.4}{\376\377\000L\000i\000s\000t\000\040\000o\000f\000\040\000T\000a\000b\000l\000e\000s}{}% 1
\BOOKMARK [0][-]{section*.6}{\376\377\000L\000i\000s\000t\000\040\000o\000f\000\040\000F\000i\000g\000u\000r\000e\000s}{}% 2
\BOOKMARK [0][-]{section*.20}{\376\377\000D\000e\000d\000i\000c\000a\000t\000i\000o\000n}{}% 3
\BOOKMARK [0][-]{section*.22}{\376\377\000P\000r\000e\000f\000a\000c\000e}{}% 4
\BOOKMARK [0][-]{chapter.1}{\376\377\000I\000n\000t\000r\000o\000d\000u\000c\000t\000i\000o\000n}{}% 5
\BOOKMARK [1][-]{section.1.1}{\376\377\000L\000i\000g\000h\000t\000\040\000S\000c\000a\000t\000t\000e\000r\000i\000n\000g}{chapter.1}% 6
\BOOKMARK [1][-]{section.1.2}{\376\377\000S\000p\000o\000n\000t\000a\000n\000e\000o\000u\000s\000\040\000B\000r\000i\000l\000l\000o\000u\000i\000n\000\040\000S\000c\000a\000t\000t\000e\000r\000i\000n\000g}{chapter.1}% 7
\BOOKMARK [1][-]{section.1.3}{\376\377\000S\000t\000i\000m\000u\000l\000a\000t\000e\000d\000\040\000B\000r\000i\000l\000l\000o\000u\000i\000n\000\040\000S\000c\000a\000t\000t\000e\000r\000i\000n\000g}{chapter.1}% 8
\BOOKMARK [1][-]{section.1.4}{\376\377\000P\000h\000a\000s\000e\000-\000m\000a\000t\000c\000h\000i\000n\000g}{chapter.1}% 9
\BOOKMARK [1][-]{section.1.5}{\376\377\000B\000r\000i\000l\000l\000o\000u\000i\000n\000\040\000G\000a\000i\000n\000\040\000o\000f\000\040\000M\000a\000t\000e\000r\000i\000a\000l\000s}{chapter.1}% 10
\BOOKMARK [1][-]{section.1.6}{\376\377\000R\000a\000m\000a\000n\000\040\000S\000c\000a\000t\000t\000e\000r\000i\000n\000g}{chapter.1}% 11
\BOOKMARK [1][-]{section.1.7}{\376\377\000R\000a\000m\000a\000n\000-\000l\000i\000k\000e\000\040\000B\000r\000i\000l\000l\000o\000u\000i\000n\000\040\000M\000o\000d\000e\000s}{chapter.1}% 12
\BOOKMARK [0][-]{chapter.2}{\376\377\000F\000o\000u\000n\000d\000a\000t\000i\000o\000n\000a\000l\000\040\000E\000x\000p\000e\000r\000i\000m\000e\000n\000t\000a\000l\000\040\000T\000e\000c\000h\000n\000i\000q\000u\000e\000s\000\040\000a\000n\000d\000\040\000I\000n\000s\000t\000r\000u\000m\000e\000n\000t\000a\000t\000i\000o\000n}{}% 13
\BOOKMARK [1][-]{section.2.1}{\376\377\000P\000h\000o\000t\000o\000n\000i\000c\000\040\000E\000x\000p\000e\000r\000i\000m\000e\000n\000t\000a\000l\000\040\000T\000e\000c\000h\000n\000i\000q\000u\000e\000s}{chapter.2}% 14
\BOOKMARK [2][-]{subsection.2.1.1}{\376\377\000C\000o\000n\000t\000r\000o\000l\000\040\000o\000f\000\040\000L\000i\000g\000h\000t\000\040\000i\000n\000\040\000P\000h\000o\000t\000o\000n\000i\000c\000\040\000S\000y\000s\000t\000e\000m\000s}{section.2.1}% 15
\BOOKMARK [2][-]{subsection.2.1.2}{\376\377\000P\000h\000o\000t\000o\000n\000i\000c\000\040\000D\000e\000v\000i\000c\000e\000s\000\040\000a\000n\000d\000\040\000D\000i\000a\000g\000r\000a\000m\000s}{section.2.1}% 16
\BOOKMARK [2][-]{subsection.2.1.3}{\376\377\000S\000e\000l\000e\000c\000t\000i\000o\000n\000\040\000a\000n\000d\000\040\000I\000s\000o\000l\000a\000t\000i\000o\000n\000\040\000o\000f\000\040\000S\000i\000g\000n\000a\000l\000s}{section.2.1}% 17
\BOOKMARK [2][-]{subsection.2.1.4}{\376\377\000H\000e\000t\000e\000r\000o\000d\000y\000n\000e\000\040\000D\000e\000t\000e\000c\000t\000i\000o\000n\000\040\000a\000n\000d\000\040\000t\000h\000e\000\040\000L\000o\000c\000a\000l\000\040\000O\000s\000c\000i\000l\000l\000a\000t\000o\000r}{section.2.1}% 18
\BOOKMARK [2][-]{subsection.2.1.5}{\376\377\000O\000p\000t\000i\000c\000a\000l\000\040\000L\000o\000s\000s\000\040\000i\000n\000\040\000a\000\040\000P\000h\000o\000t\000o\000n\000i\000c\000\040\000S\000y\000s\000t\000e\000m\000s}{section.2.1}% 19
\BOOKMARK [2][-]{subsection.2.1.6}{\376\377\000F\000r\000e\000e\000\040\000S\000p\000a\000c\000e\000\040\000O\000p\000t\000i\000c\000s\000\040\000a\000n\000d\000\040\000B\000e\000a\000m\000\040\000A\000l\000i\000g\000n\000m\000e\000n\000t}{section.2.1}% 20
\BOOKMARK [2][-]{subsection.2.1.7}{\376\377\000S\000p\000e\000c\000i\000a\000l\000i\000z\000e\000d\000\040\000O\000p\000t\000i\000c\000a\000l\000\040\000F\000i\000b\000e\000r\000s}{section.2.1}% 21
\BOOKMARK [1][-]{section.2.2}{\376\377\000O\000p\000t\000i\000c\000a\000l\000\040\000I\000n\000s\000t\000r\000u\000m\000e\000n\000t\000a\000t\000i\000o\000n}{chapter.2}% 22
\BOOKMARK [1][-]{section.2.3}{\376\377\000E\000l\000e\000c\000t\000r\000o\000n\000i\000c\000\040\000I\000n\000s\000t\000r\000u\000m\000e\000n\000t\000a\000t\000i\000o\000n}{chapter.2}% 23
\BOOKMARK [1][-]{section.2.4}{\376\377\000N\000o\000i\000s\000e\000\040\000a\000n\000d\000\040\000B\000a\000c\000k\000g\000r\000o\000u\000n\000d\000\040\000H\000a\000n\000d\000l\000i\000n\000g}{chapter.2}% 24
\BOOKMARK [1][-]{section.2.5}{\376\377\000C\000u\000s\000t\000o\000m\000\040\000S\000o\000f\000t\000w\000a\000r\000e}{chapter.2}% 25
\BOOKMARK [2][-]{subsection.2.5.1}{\376\377\000D\000e\000s\000c\000r\000i\000p\000t\000i\000o\000n\000\040\000o\000f\000\040\000P\000y\000t\000h\000o\000n\000\040\000S\000c\000r\000i\000p\000t\000\040\000f\000o\000r\000\040\000C\000A\000B\000S\000\040\000D\000a\000t\000a\000\040\000C\000o\000l\000l\000e\000c\000t\000i\000o\000n}{section.2.5}% 26
\BOOKMARK [2][-]{subsection.2.5.2}{\376\377\000D\000e\000s\000c\000r\000i\000p\000t\000i\000o\000n\000\040\000o\000f\000\040\000P\000l\000o\000t\000t\000i\000n\000g\000\040\000D\000a\000t\000a\000\040\000i\000n\000\040\000G\000o\000\040\000P\000r\000o\000g\000r\000a\000m}{section.2.5}% 27
\BOOKMARK [0][-]{chapter.3}{\376\377\000M\000a\000n\000u\000s\000c\000r\000i\000p\000t\000\040\000I\000:\000\040\000L\000a\000s\000e\000r\000\040\000c\000o\000o\000l\000i\000n\000g\000\040\000o\000f\000\040\000t\000r\000a\000v\000e\000l\000i\000n\000g\000\040\000w\000a\000v\000e\000\040\000p\000h\000o\000n\000o\000n\000s\000\040\000i\000n\000\040\000a\000n\000\040\000o\000p\000t\000i\000c\000a\000l\000\040\000f\000i\000b\000e\000r}{}% 28
\BOOKMARK [1][-]{section.3.1}{\376\377\000I\000n\000t\000r\000o\000d\000u\000c\000t\000i\000o\000n}{chapter.3}% 29
\BOOKMARK [1][-]{section.3.2}{\376\377\000O\000p\000t\000o\000m\000e\000c\000h\000a\000n\000i\000c\000a\000l\000\040\000C\000o\000o\000l\000i\000n\000g\000\040\000a\000n\000d\000\040\000H\000e\000a\000t\000i\000n\000g}{chapter.3}% 30
\BOOKMARK [1][-]{section.3.3}{\376\377\000C\000o\000o\000l\000i\000n\000g\000\040\000P\000l\000a\000t\000f\000o\000r\000m\000:\000\040\000C\000S\0002\000-\000L\000i\000q\000u\000i\000d\000\040\000C\000o\000r\000e\000\040\000O\000p\000t\000i\000c\000a\000l\000\040\000F\000i\000b\000e\000r}{chapter.3}% 31
\BOOKMARK [2][-]{subsection.3.3.1}{\376\377\000O\000p\000t\000o\000m\000e\000c\000h\000a\000n\000i\000c\000a\000l\000\040\000P\000r\000o\000p\000e\000r\000t\000i\000e\000s}{section.3.3}% 32
\BOOKMARK [1][-]{section.3.4}{\376\377\000F\000a\000b\000r\000i\000c\000a\000t\000i\000o\000n\000\040\000o\000f\000\040\000C\000S\0002\000-\000L\000i\000q\000u\000i\000d\000\040\000C\000o\000r\000e\000\040\000O\000p\000t\000i\000c\000a\000l\000\040\000F\000i\000b\000e\000r}{chapter.3}% 33
\BOOKMARK [2][-]{subsection.3.4.1}{\376\377\000S\000p\000l\000i\000c\000i\000n\000g\000\040\000S\000M\000F\000-\0002\0008\000\040\000t\000o\000\040\000U\000H\000N\000A\0007}{section.3.4}% 34
\BOOKMARK [2][-]{subsection.3.4.2}{\376\377\000P\000r\000e\000p\000a\000r\000i\000n\000g\000\040\000t\000h\000e\000\040\000U\000H\000N\000A\0007\000\040\000F\000i\000b\000e\000r}{section.3.4}% 35
\BOOKMARK [2][-]{subsection.3.4.3}{\376\377\000P\000r\000e\000p\000a\000r\000i\000n\000g\000\040\000t\000h\000e\000\040\000H\000o\000l\000l\000o\000w\000-\000C\000o\000r\000e\000\040\000F\000i\000b\000e\000r}{section.3.4}% 36
\BOOKMARK [2][-]{subsection.3.4.4}{\376\377\000C\000l\000e\000a\000n\000i\000n\000g\000\040\000a\000n\000d\000\040\000P\000r\000e\000p\000a\000r\000i\000n\000g\000\040\000t\000h\000e\000\040\000M\000i\000c\000r\000o\000s\000c\000o\000p\000e\000\040\000S\000l\000i\000d\000e}{section.3.4}% 37
\BOOKMARK [2][-]{subsection.3.4.5}{\376\377\000C\000u\000t\000t\000i\000n\000g\000\040\000a\000n\000d\000\040\000P\000r\000e\000p\000a\000r\000i\000n\000g\000\040\000t\000h\000e\000\040\000G\000l\000a\000s\000s\000\040\000V\000i\000a\000l}{section.3.4}% 38
\BOOKMARK [2][-]{subsection.3.4.6}{\376\377\000A\000n\000g\000l\000e\000-\000S\000p\000l\000i\000c\000i\000n\000g\000\040\000t\000h\000e\000\040\000U\000H\000N\000A\0007\000\040\000t\000o\000\040\000t\000h\000e\000\040\000H\000o\000l\000l\000o\000w\000-\000C\000o\000r\000e\000\040\000F\000i\000b\000e\000r}{section.3.4}% 39
\BOOKMARK [2][-]{subsection.3.4.7}{\376\377\000T\000r\000a\000n\000s\000f\000e\000r\000r\000i\000n\000g\000\040\000t\000h\000e\000\040\000S\000p\000l\000i\000c\000e\000d\000\040\000F\000i\000b\000e\000r\000s\000\040\000o\000n\000t\000o\000\040\000t\000h\000e\000\040\000S\000l\000i\000d\000e}{section.3.4}% 40
\BOOKMARK [2][-]{subsection.3.4.8}{\376\377\000E\000n\000c\000l\000o\000s\000i\000n\000g\000\040\000t\000h\000e\000\040\000S\000p\000l\000i\000c\000e\000\040\000w\000i\000t\000h\000\040\000t\000h\000e\000\040\000C\000u\000t\000\040\000V\000i\000a\000l}{section.3.4}% 41
\BOOKMARK [2][-]{subsection.3.4.9}{\376\377\000F\000i\000n\000a\000l\000\040\000M\000o\000u\000n\000t\000i\000n\000g\000\040\000a\000n\000d\000\040\000L\000a\000b\000e\000l\000i\000n\000g}{section.3.4}% 42
\BOOKMARK [2][-]{subsection.3.4.10}{\376\377\000F\000a\000b\000r\000i\000c\000a\000t\000i\000o\000n\000\040\000I\000t\000e\000r\000a\000t\000i\000v\000e\000\040\000R\000e\000f\000i\000n\000e\000m\000e\000n\000t}{section.3.4}% 43
\BOOKMARK [1][-]{section.3.5}{\376\377\000I\000n\000t\000e\000n\000t\000i\000o\000n\000\040\000o\000f\000\040\000t\000h\000e\000\040\000P\000u\000m\000p\000-\000P\000r\000o\000b\000e\000\040\000E\000x\000p\000e\000r\000i\000m\000e\000n\000t}{chapter.3}% 44
\BOOKMARK [1][-]{section.3.6}{\376\377\000E\000x\000p\000e\000r\000i\000m\000e\000n\000t\000a\000l\000\040\000S\000e\000t\000u\000p}{chapter.3}% 45
\BOOKMARK [2][-]{subsection.3.6.1}{\376\377\000M\000a\000i\000n\000\040\000E\000x\000p\000e\000r\000i\000m\000e\000n\000t}{section.3.6}% 46
\BOOKMARK [2][-]{subsection.3.6.2}{\376\377\000P\000u\000m\000p\000-\000P\000r\000o\000b\000e\000\040\000E\000x\000p\000e\000r\000i\000m\000e\000n\000t}{section.3.6}% 47
\BOOKMARK [1][-]{section.3.7}{\376\377\000R\000e\000s\000u\000l\000t\000s}{chapter.3}% 48
\BOOKMARK [2][-]{subsection.3.7.1}{\376\377\000M\000a\000i\000n\000\040\000E\000x\000p\000e\000r\000i\000m\000e\000n\000t\000\040\000R\000e\000s\000u\000l\000t\000s}{section.3.7}% 49
\BOOKMARK [2][-]{subsection.3.7.2}{\376\377\000P\000u\000m\000p\000-\000P\000r\000o\000b\000e\000\040\000E\000x\000p\000e\000r\000i\000m\000e\000n\000t\000\040\000R\000e\000s\000u\000l\000t\000s}{section.3.7}% 50
\BOOKMARK [1][-]{section.3.8}{\376\377\000D\000i\000s\000c\000u\000s\000s\000i\000o\000n}{chapter.3}% 51
\BOOKMARK [2][-]{subsection.3.8.1}{\376\377\000A\000p\000p\000l\000i\000c\000a\000t\000i\000o\000n\000\040\000t\000o\000\040\000G\000r\000o\000u\000n\000d\000\040\000S\000t\000a\000t\000e\000\040\000C\000o\000o\000l\000i\000n\000g}{section.3.8}% 52
\BOOKMARK [2][-]{subsection.3.8.2}{\376\377\000S\000t\000a\000n\000d\000a\000r\000d\000i\000z\000e\000d\000\040\000C\000o\000o\000l\000i\000n\000g\000\040\000M\000e\000t\000r\000i\000c}{section.3.8}% 53
\BOOKMARK [2][-]{subsection.3.8.3}{\376\377\000T\000a\000p\000e\000r\000e\000d\000\040\000c\000h\000a\000l\000c\000o\000g\000e\000n\000i\000d\000e\000\040\000P\000h\000o\000t\000o\000n\000i\000c\000\040\000C\000r\000y\000s\000t\000a\000l\000\040\000F\000i\000b\000e\000r\000:\000\040\000M\000a\000x\000\040\000P\000l\000a\000n\000k\000\040\000R\000e\000s\000u\000l\000t\000s}{section.3.8}% 54
\BOOKMARK [0][-]{chapter.4}{\376\377\000M\000a\000n\000u\000s\000c\000r\000i\000p\000t\000\040\000I\000I\000:\000\040\000A\000\040\000c\000o\000h\000e\000r\000e\000n\000t\000l\000y\000\040\000s\000t\000i\000m\000u\000l\000a\000t\000e\000d\000\040\000p\000h\000o\000n\000o\000n\000\040\000s\000p\000e\000c\000t\000r\000o\000m\000e\000t\000e\000r}{}% 55
\BOOKMARK [1][-]{section.4.1}{\376\377\000a\000b\000s\000t\000r\000a\000c\000t}{chapter.4}% 56
\BOOKMARK [1][-]{section.4.2}{\376\377\000I\000n\000t\000r\000o\000d\000u\000c\000t\000i\000o\000n}{chapter.4}% 57
\BOOKMARK [1][-]{section.4.3}{\376\377\000T\000h\000e\000o\000r\000e\000t\000i\000c\000a\000l\000\040\000F\000r\000a\000m\000e\000w\000o\000r\000k}{chapter.4}% 58
\BOOKMARK [2][-]{subsection.4.3.1}{\376\377\000C\000o\000h\000e\000r\000e\000n\000t\000l\000y\000\040\000s\000t\000i\000m\000u\000l\000a\000t\000e\000d\000\040\000f\000o\000u\000r\000-\000w\000a\000v\000e\000\040\000B\000r\000i\000l\000l\000o\000u\000i\000n\000\040\000s\000c\000a\000t\000t\000e\000r\000i\000n\000g}{section.4.3}% 59
\BOOKMARK [2][-]{subsection.4.3.2}{\376\377\000P\000h\000a\000s\000e\000\040\000m\000a\000t\000c\000h\000i\000n\000g\000\040\000r\000e\000l\000a\000x\000a\000t\000i\000o\000n}{section.4.3}% 60
\BOOKMARK [1][-]{section.4.4}{\376\377\000M\000e\000t\000h\000o\000d\000s}{chapter.4}% 61
\BOOKMARK [2][-]{subsection.4.4.1}{\376\377\000I\000n\000s\000t\000r\000u\000m\000e\000n\000t\000\040\000d\000e\000s\000i\000g\000n}{section.4.4}% 62
\BOOKMARK [2][-]{subsection.4.4.2}{\376\377\000E\000x\000p\000e\000r\000i\000m\000e\000n\000t\000a\000l\000\040\000T\000e\000c\000h\000n\000i\000q\000u\000e\000s}{section.4.4}% 63
\BOOKMARK [1][-]{section.4.5}{\376\377\000R\000e\000s\000u\000l\000t\000s}{chapter.4}% 64
\BOOKMARK [2][-]{subsection.4.5.1}{\376\377\000I\000n\000s\000t\000r\000u\000m\000e\000n\000t\000\040\000s\000e\000n\000s\000i\000t\000i\000v\000i\000t\000y}{section.4.5}% 65
\BOOKMARK [2][-]{subsection.4.5.2}{\376\377\000M\000e\000a\000s\000u\000r\000e\000m\000e\000n\000t\000s}{section.4.5}% 66
\BOOKMARK [2][-]{subsection.4.5.3}{\376\377\000P\000h\000a\000s\000e\000\040\000M\000a\000t\000c\000h\000i\000n\000g\000\040\000B\000a\000n\000d\000w\000i\000d\000t\000h}{section.4.5}% 67
\BOOKMARK [2][-]{subsection.4.5.4}{\376\377\000F\000a\000n\000o\000-\000R\000e\000s\000o\000n\000a\000n\000t\000\040\000A\000s\000y\000m\000m\000e\000t\000r\000i\000e\000s\000\040\000a\000t\000\040\000S\000m\000a\000l\000l\000\040\000S\000i\000g\000n\000a\000l\000s}{section.4.5}% 68
\BOOKMARK [1][-]{section.4.6}{\376\377\000C\000o\000n\000c\000l\000u\000s\000i\000o\000n}{chapter.4}% 69
\BOOKMARK [0][-]{chapter.5}{\376\377\000M\000a\000n\000u\000s\000c\000r\000i\000p\000t\000\040\000I\000I\000I\000:\000\040\000B\000r\000i\000l\000l\000o\000u\000i\000n\000-\000i\000n\000d\000u\000c\000e\000d\000\040\000R\000a\000m\000a\000n\000\040\000m\000o\000d\000e\000s}{}% 70
\BOOKMARK [1][-]{section.5.1}{\376\377\000A\000b\000s\000t\000r\000a\000c\000t}{chapter.5}% 71
\BOOKMARK [1][-]{section.5.2}{\376\377\000I\000n\000t\000r\000o\000d\000u\000c\000t\000i\000o\000n}{chapter.5}% 72
\BOOKMARK [1][-]{section.5.3}{\376\377\000M\000e\000t\000h\000o\000d\000s}{chapter.5}% 73
\BOOKMARK [1][-]{section.5.4}{\376\377\000R\000e\000s\000u\000l\000t\000s}{chapter.5}% 74
\BOOKMARK [1][-]{section.5.5}{\376\377\000D\000i\000s\000c\000u\000s\000s\000i\000o\000n}{chapter.5}% 75
\BOOKMARK [0][-]{chapter.6}{\376\377\000D\000i\000s\000c\000u\000s\000s\000i\000o\000n\000\040\000\046\000\040\000F\000u\000t\000u\000r\000e\000\040\000W\000o\000r\000k}{}% 76
\BOOKMARK [0][-]{appendix.A}{\376\377\000A\000c\000r\000o\000n\000y\000m\000s}{}% 77
\BOOKMARK [0][-]{appendix.B}{\376\377\000C\000o\000d\000e}{}% 78
\BOOKMARK [1][-]{section.B.1}{\376\377\000P\000y\000t\000h\000o\000n\000\040\000C\000o\000d\000e\000\040\000f\000o\000r\000\040\000C\000A\000B\000S\000\040\000D\000a\000t\000a\000\040\000C\000o\000l\000l\000e\000c\000t\000i\000o\000n}{appendix.B}% 79
\BOOKMARK [1][-]{section.B.2}{\376\377\000P\000l\000o\000t\000t\000i\000n\000g\000\040\000D\000a\000t\000a\000\040\000I\000n\000\040\000G\000o\000\040\000P\000r\000o\000g\000r\000a\000m}{appendix.B}% 80
\BOOKMARK [0][-]{appendix.C}{\376\377\000S\000u\000p\000p\000l\000e\000m\000e\000n\000t\000a\000r\000y\000\040\000I\000n\000f\000o\000r\000m\000a\000t\000i\000o\000n\000\040\000f\000o\000r\000\040\000C\000h\000a\000p\000t\000e\000r\000\040\0003\000:\000\040\000M\000a\000n\000u\000s\000c\000r\000i\000p\000t\000\040\000I}{}% 81
\BOOKMARK [1][-]{section.C.1}{\376\377\000D\000a\000t\000a}{appendix.C}% 82
\BOOKMARK [0][-]{appendix.D}{\376\377\000S\000u\000p\000p\000l\000e\000m\000e\000n\000t\000a\000r\000y\000\040\000I\000n\000f\000o\000r\000m\000a\000t\000i\000o\000n\000\040\000f\000o\000r\000\040\000C\000h\000a\000p\000t\000e\000r\000\040\0004\000:\000\040\000M\000a\000n\000u\000s\000c\000r\000i\000p\000t\000\040\000I\000I}{}% 83
\BOOKMARK [1][-]{section.D.1}{\376\377\000C\000o\000u\000p\000l\000e\000d\000-\000W\000a\000v\000e\000\040\000E\000q\000u\000a\000t\000i\000o\000n\000s}{appendix.D}% 84
\BOOKMARK [2][-]{subsection.D.1.1}{\376\377\000A\000c\000o\000u\000s\000t\000i\000c\000\040\000F\000i\000e\000l\000d}{section.D.1}% 85
\BOOKMARK [2][-]{subsection.D.1.2}{\376\377\000O\000p\000t\000i\000c\000a\000l\000\040\000F\000i\000e\000l\000d\000s}{section.D.1}% 86
\BOOKMARK [1][-]{section.D.2}{\376\377\000S\000c\000a\000t\000t\000e\000r\000e\000d\000\040\000P\000o\000w\000e\000r\000\040\000C\000o\000m\000p\000a\000r\000i\000s\000o\000n\000\040\000t\000o\000\040\000T\000r\000a\000d\000i\000t\000i\000o\000n\000a\000l\000\040\000B\000r\000i\000l\000l\000o\000u\000i\000n\000\040\000S\000c\000a\000t\000t\000e\000r\000i\000n\000g\000\040\000P\000r\000o\000c\000e\000s\000s\000e\000s}{appendix.D}% 87
\BOOKMARK [1][-]{section.D.3}{\376\377\000O\000b\000s\000e\000r\000v\000a\000n\000c\000e\000\040\000o\000f\000\040\000F\000a\000n\000o\000-\000R\000e\000s\000o\000n\000a\000n\000t\000\040\000A\000s\000y\000m\000m\000e\000t\000r\000i\000e\000s\000\040\000a\000t\000\040\000S\000m\000a\000l\000l\000\040\000S\000i\000g\000n\000a\000l\000s}{appendix.D}% 88
\BOOKMARK [2][-]{subsection.D.3.1}{\376\377\000E\000x\000p\000e\000r\000i\000m\000e\000n\000t\000\040\000A\000:\000\040\000E\000x\000t\000e\000n\000d\000e\000d\000\040\0001\000\040\000c\000m\000\040\000U\000H\000N\000A\0003\000\040\000F\000i\000b\000e\000r\000\040\000S\000p\000e\000c\000t\000r\000a}{section.D.3}% 89
\BOOKMARK [2][-]{subsection.D.3.2}{\376\377\000E\000x\000p\000e\000r\000i\000m\000e\000n\000t\000\040\000B\000:\000\040\0001\000\040\000m\000m\000\040\000C\000S\0002\000\040\000S\000p\000e\000c\000t\000r\000a\000\040\000a\000n\000d\000\040\000F\000a\000n\000o\000\040\000D\000i\000s\000t\000o\000r\000t\000i\000o\000n\000s}{section.D.3}% 90
\BOOKMARK [1][-]{section.D.4}{\376\377\000E\000q\000u\000a\000l\000\040\000C\000o\000n\000t\000r\000i\000b\000u\000t\000i\000o\000n\000\040\000o\000f\000\040\000P\000u\000m\000p\000,\000\040\000S\000t\000o\000k\000e\000s\000,\000\040\000a\000n\000d\000\040\000P\000r\000o\000b\000e\000\040\000O\000p\000t\000i\000c\000a\000l\000\040\000F\000i\000e\000l\000d\000s}{appendix.D}% 91
\BOOKMARK [1][-]{section.D.5}{\376\377\000D\000a\000t\000a}{appendix.D}% 92
\BOOKMARK [0][-]{appendix.E}{\376\377\000S\000u\000p\000p\000l\000e\000m\000e\000n\000t\000a\000r\000y\000\040\000I\000n\000f\000o\000r\000m\000a\000t\000i\000o\000n\000\040\000f\000o\000r\000\040\000C\000h\000a\000p\000t\000e\000r\000\040\0005\000:\000\040\000M\000a\000n\000u\000s\000c\000r\000i\000p\000t\000\040\000I\000I\000I}{}% 93
\BOOKMARK [1][-]{section.E.1}{\376\377\000D\000a\000t\000a}{appendix.E}% 94
\BOOKMARK [0][-]{section*.64}{\376\377\000R\000e\000f\000e\000r\000e\000n\000c\000e\000s}{}% 95
