\BOOKMARK [0][-]{section*.2}{\376\377\000L\000i\000s\000t\000\040\000o\000f\000\040\000T\000a\000b\000l\000e\000s}{}% 1
\BOOKMARK [0][-]{section*.4}{\376\377\000L\000i\000s\000t\000\040\000o\000f\000\040\000F\000i\000g\000u\000r\000e\000s}{}% 2
\BOOKMARK [0][-]{section*.10}{\376\377\000D\000e\000d\000i\000c\000a\000t\000i\000o\000n}{}% 3
\BOOKMARK [0][-]{section*.12}{\376\377\000P\000r\000e\000f\000a\000c\000e}{}% 4
\BOOKMARK [0][-]{chapter.1}{\376\377\000I\000n\000t\000r\000o\000d\000u\000c\000t\000i\000o\000n}{}% 5
\BOOKMARK [1][-]{section.1.1}{\376\377\000S\000e\000c\000t\000i\000o\000n\000\040\0001}{chapter.1}% 6
\BOOKMARK [0][-]{chapter.2}{\376\377\000M\000a\000n\000u\000s\000c\000r\000i\000p\000t\000\040\000I\000:\000\040\000L\000a\000s\000e\000r\000\040\000c\000o\000o\000l\000i\000n\000g\000\040\000o\000f\000\040\000t\000r\000a\000v\000e\000l\000i\000n\000g\000\040\000w\000a\000v\000e\000\040\000p\000h\000o\000n\000o\000n\000s\000\040\000i\000n\000\040\000a\000n\000\040\000o\000p\000t\000i\000c\000a\000l\000\040\000f\000i\000b\000e\000r}{}% 7
\BOOKMARK [1][-]{section.2.1}{\376\377\000A\000b\000s\000t\000r\000a\000c\000t}{chapter.2}% 8
\BOOKMARK [1][-]{section.2.2}{\376\377\000I\000n\000t\000r\000o\000d\000u\000c\000t\000i\000o\000n}{chapter.2}% 9
\BOOKMARK [1][-]{section.2.3}{\376\377\000L\000a\000s\000e\000r\000\040\000c\000o\000o\000l\000i\000n\000g\000\040\000o\000f\000\040\000t\000r\000a\000v\000e\000l\000i\000n\000g\000\040\000w\000a\000v\000e\000\040\000p\000h\000o\000n\000o\000n\000s}{chapter.2}% 10
\BOOKMARK [1][-]{section.2.4}{\376\377\000M\000e\000t\000h\000o\000d\000s\000\040\000\046\000\040\000R\000e\000s\000u\000l\000t\000s}{chapter.2}% 11
\BOOKMARK [1][-]{section.2.5}{\376\377\000C\000o\000n\000c\000l\000u\000s\000i\000o\000n\000s}{chapter.2}% 12
\BOOKMARK [1][-]{section.2.6}{\376\377\000A\000c\000k\000n\000o\000w\000l\000e\000d\000g\000e\000m\000e\000n\000t\000s}{chapter.2}% 13
\BOOKMARK [0][-]{chapter.3}{\376\377\000M\000a\000n\000u\000s\000c\000r\000i\000p\000t\000\040\000I\000I\000:\000\040\000A\000\040\000c\000o\000h\000e\000r\000e\000n\000t\000l\000y\000\040\000s\000t\000i\000m\000u\000l\000a\000t\000e\000d\000\040\000p\000h\000o\000n\000o\000n\000\040\000s\000p\000e\000c\000t\000r\000o\000m\000e\000t\000e\000r}{}% 14
\BOOKMARK [1][-]{section.3.1}{\376\377\000A\000b\000s\000t\000r\000a\000c\000t}{chapter.3}% 15
\BOOKMARK [1][-]{section.3.2}{\376\377\000I\000n\000t\000r\000o\000d\000u\000c\000t\000i\000o\000n}{chapter.3}% 16
\BOOKMARK [2][-]{subsection.3.2.1}{\376\377\000T\000h\000e\000o\000r\000y\000\040\000o\000f\000\040\000C\000A\000B\000S}{section.3.2}% 17
\BOOKMARK [2][-]{subsection.3.2.2}{\376\377\000P\000h\000a\000s\000e\000-\000m\000a\000t\000c\000h\000i\000n\000g\000\040\000a\000t\000\040\000s\000h\000o\000r\000t\000\040\000l\000e\000n\000g\000t\000h\000s}{section.3.2}% 18
\BOOKMARK [1][-]{section.3.3}{\376\377\000M\000e\000t\000h\000o\000d\000s}{chapter.3}% 19
\BOOKMARK [2][-]{subsection.3.3.1}{\376\377\000T\000h\000e\000o\000r\000y\000\040\000o\000f\000\040\000C\000A\000B\000S}{section.3.3}% 20
\BOOKMARK [2][-]{subsection.3.3.2}{\376\377\000P\000h\000a\000s\000e\000-\000m\000a\000t\000c\000h\000i\000n\000g\000\040\000b\000a\000n\000d\000w\000i\000d\000t\000h}{section.3.3}% 21
\BOOKMARK [1][-]{section.3.4}{\376\377\000R\000e\000s\000u\000l\000t\000s}{chapter.3}% 22
\BOOKMARK [2][-]{subsection.3.4.1}{\376\377\000D\000e\000s\000i\000g\000n\000\040\000o\000f\000\040\000i\000n\000s\000t\000r\000u\000m\000e\000n\000t}{section.3.4}% 23
\BOOKMARK [2][-]{subsection.3.4.2}{\376\377\000F\000r\000o\000m\000\040\000f\000i\000b\000e\000r\000-\000c\000o\000u\000p\000l\000e\000d\000\040\000t\000o\000\040\000m\000i\000l\000l\000i\000m\000e\000t\000e\000r\000-\000s\000c\000a\000l\000e\000\040\000b\000u\000l\000k}{section.3.4}% 24
\BOOKMARK [2][-]{subsection.3.4.3}{\376\377\000R\000e\000l\000a\000x\000a\000t\000i\000o\000n\000\040\000o\000f\000\040\000P\000h\000a\000s\000e\000-\000m\000a\000t\000c\000h\000i\000n\000g\000\040\000c\000o\000n\000d\000i\000t\000i\000o\000n\000s}{section.3.4}% 25
\BOOKMARK [1][-]{section.3.5}{\376\377\000D\000i\000s\000c\000u\000s\000s\000i\000o\000n}{chapter.3}% 26
\BOOKMARK [1][-]{section.3.6}{\376\377\000A\000c\000k\000n\000o\000w\000l\000e\000d\000g\000e\000m\000e\000n\000t\000s}{chapter.3}% 27
\BOOKMARK [1][-]{section.3.7}{\376\377\000A\000p\000p\000e\000n\000d\000i\000x}{chapter.3}% 28
\BOOKMARK [2][-]{subsection.3.7.1}{\376\377\000E\000q\000u\000a\000l\000\040\000c\000o\000n\000t\000r\000i\000b\000u\000t\000i\000o\000n\000\040\000o\000f\000\040\000P\000,\000\040\000S\000,\000\040\000P\000r}{section.3.7}% 29
\BOOKMARK [0][-]{chapter.4}{\376\377\000M\000a\000n\000u\000s\000c\000r\000i\000p\000t\000\040\000I\000I\000I\000:\000\040\000B\000r\000i\000l\000l\000o\000u\000i\000n\000-\000i\000n\000d\000u\000c\000e\000d\000\040\000R\000a\000m\000a\000n\000\040\000m\000o\000d\000e\000s}{}% 30
\BOOKMARK [1][-]{section.4.1}{\376\377\000A\000b\000s\000t\000r\000a\000c\000t}{chapter.4}% 31
\BOOKMARK [1][-]{section.4.2}{\376\377\000I\000n\000t\000r\000o\000d\000u\000c\000t\000i\000o\000n}{chapter.4}% 32
\BOOKMARK [0][-]{chapter.5}{\376\377\000M\000a\000n\000u\000s\000c\000r\000i\000p\000t\000\040\000I\000V\000:\000\040\000N\000a\000n\000o\000s\000c\000a\000l\000e\000\040\000B\000r\000i\000l\000l\000o\000u\000i\000n\000\040\000s\000c\000a\000t\000t\000e\000r\000i\000n\000g}{}% 33
\BOOKMARK [1][-]{section.5.1}{\376\377\000A\000b\000s\000t\000r\000a\000c\000t}{chapter.5}% 34
\BOOKMARK [1][-]{section.5.2}{\376\377\000I\000n\000t\000r\000o\000d\000u\000c\000t\000i\000o\000n}{chapter.5}% 35
\BOOKMARK [0][-]{chapter.6}{\376\377\000D\000i\000s\000c\000u\000s\000s\000i\000o\000n\000\040\000\046\000\040\000C\000o\000n\000c\000l\000u\000s\000i\000o\000n}{}% 36
\BOOKMARK [0][-]{section*.26}{\376\377\000A\000c\000r\000o\000n\000y\000m\000s}{}% 37
\BOOKMARK [0][-]{appendix.A}{\376\377\000S\000u\000p\000p\000l\000e\000m\000e\000n\000t\000a\000r\000y\000\040\000I\000n\000f\000o\000r\000m\000a\000t\000i\000o\000n\000\040\000f\000o\000r\000\040\000C\000h\000a\000p\000t\000e\000r\000\040\0002\000:\000\040\000M\000a\000n\000u\000s\000c\000r\000i\000p\000t\000\040\000I}{}% 38
\BOOKMARK [1][-]{section.A.1}{\376\377\000M\000e\000a\000n\000-\000f\000i\000e\000l\000d\000\040\000a\000n\000a\000l\000y\000s\000i\000s\000\040\000o\000f\000\040\000B\000r\000i\000l\000l\000o\000u\000i\000n\000\040\000c\000o\000o\000l\000i\000n\000g}{appendix.A}% 39
\BOOKMARK [2][-]{subsection.A.1.1}{\376\377\000E\000n\000v\000e\000l\000o\000p\000e\000\040\000a\000n\000a\000l\000y\000s\000i\000s\000\040\000o\000f\000\040\000c\000o\000o\000l\000i\000n\000g\000\040\000d\000y\000n\000a\000m\000i\000c\000s\000,\000\040\000a\000n\000d\000\040\000v\000a\000l\000i\000d\000i\000t\000y\000\040\000o\000f\000\040\000t\000h\000e\000\040\000m\000e\000a\000n\000-\000f\000i\000e\000l\000d\000\040\000m\000o\000d\000e\000l}{section.A.1}% 40
\BOOKMARK [2][-]{subsection.A.1.2}{\376\377\000S\000e\000p\000a\000r\000a\000t\000i\000o\000n\000\040\000o\000f\000\040\000t\000i\000m\000e\000\040\000s\000c\000a\000l\000e\000s\000\040\000r\000e\000q\000u\000i\000r\000e\000d\000\040\000f\000o\000r\000\040\000c\000o\000o\000l\000i\000n\000g\000\040\000o\000f\000\040\000t\000r\000a\000v\000e\000l\000l\000i\000n\000g\000\040\000w\000a\000v\000e\000\040\000p\000h\000o\000n\000o\000n\000s}{section.A.1}% 41
\BOOKMARK [1][-]{section.A.2}{\376\377\000P\000u\000m\000p\000-\000p\000r\000o\000b\000e\000\040\000t\000h\000e\000o\000r\000y}{appendix.A}% 42
\BOOKMARK [1][-]{section.A.3}{\376\377\000B\000r\000i\000l\000l\000o\000u\000i\000n\000\040\000g\000a\000i\000n\000\040\000s\000i\000m\000u\000l\000a\000t\000i\000o\000n\000s}{appendix.A}% 43
\BOOKMARK [0][-]{section*.29}{\376\377\000R\000e\000f\000e\000r\000e\000n\000c\000e\000s}{}% 44
